TN:
SF:tailwind.config.ts
FN:1,(empty-report)
FNF:1
FNH:1
FNDA:1,(empty-report)
LF:0
LH:0
BRDA:1,0,0,1
BRF:1
BRH:1
end_of_record
TN:
SF:src/App.tsx
FN:1,(empty-report)
FNF:1
FNH:0
FNDA:0,(empty-report)
DA:1,0
DA:2,0
DA:3,0
DA:4,0
DA:5,0
DA:6,0
DA:8,0
DA:9,0
DA:10,0
DA:11,0
DA:12,0
DA:13,0
DA:14,0
DA:15,0
DA:16,0
DA:21,0
LF:16
LH:0
BRDA:1,0,0,0
BRF:1
BRH:0
end_of_record
TN:
SF:src/main.tsx
FN:1,(empty-report)
FNF:1
FNH:0
FNDA:0,(empty-report)
DA:1,0
DA:2,0
DA:3,0
DA:4,0
DA:6,0
DA:7,0
DA:8,0
LF:7
LH:0
BRDA:1,0,0,0
BRF:1
BRH:0
end_of_record
TN:
SF:src/components/CharacterCard/CharacterCard.tsx
FN:10,CharacterCard
FN:15,onClick
FNF:2
FNH:2
FNDA:5,CharacterCard
FNDA:1,onClick
DA:1,1
DA:2,1
DA:10,1
DA:11,5
DA:13,5
DA:14,5
DA:15,5
DA:16,5
DA:17,5
DA:19,5
DA:20,5
DA:21,5
DA:22,5
DA:24,5
DA:27,5
LF:15
LH:15
BRDA:10,0,0,5
BRDA:15,1,0,1
BRF:2
BRH:2
end_of_record
TN:
SF:src/components/CharacterCard/index.ts
FNF:0
FNH:0
DA:1,1
LF:1
LH:1
BRF:0
BRH:0
end_of_record
TN:
SF:src/components/CharacterCardInfo/CharacterCardInfo.tsx
FN:11,CharacterCardInfo
FN:18,onClick
FNF:2
FNH:2
FNDA:8,CharacterCardInfo
FNDA:1,onClick
DA:1,1
DA:2,1
DA:3,1
DA:11,1
DA:12,8
DA:14,8
DA:15,8
DA:16,8
DA:17,8
DA:18,8
DA:19,1
DA:20,1
DA:21,1
DA:23,8
DA:24,8
DA:25,8
DA:26,4
DA:27,4
DA:29,8
DA:30,8
DA:33,8
DA:36,8
LF:22
LH:22
BRDA:11,0,0,8
BRDA:25,1,0,6
BRDA:25,2,0,4
BRDA:26,3,0,4
BRDA:18,4,0,1
BRDA:25,5,0,6
BRF:6
BRH:6
end_of_record
TN:
SF:src/components/CharacterCardInfo/index.ts
FNF:0
FNH:0
DA:1,1
LF:1
LH:1
BRF:0
BRH:0
end_of_record
TN:
SF:src/components/CharacterHeader/CharacterHeader.tsx
FNF:0
FNH:0
DA:9,1
DA:10,1
DA:11,1
DA:12,1
DA:13,1
DA:14,1
DA:15,1
DA:17,1
DA:18,1
DA:19,1
DA:25,1
LF:11
LH:11
BRDA:19,0,0,1
BRF:1
BRH:1
end_of_record
TN:
SF:src/components/CharacterHeader/index.ts
FNF:0
FNH:0
DA:1,1
LF:1
LH:1
BRF:0
BRH:0
end_of_record
TN:
SF:src/components/CharacterList/CharacterList.tsx
FN:11,CharacterList
FNF:1
FNH:1
FNDA:5,CharacterList
DA:1,1
DA:3,1
DA:11,1
DA:12,5
DA:14,5
DA:15,5
DA:16,5
DA:17,1
DA:19,5
DA:20,5
DA:21,5
DA:22,5
DA:23,5
DA:30,5
LF:14
LH:14
BRDA:11,0,0,5
BRDA:16,1,0,1
BRF:2
BRH:2
end_of_record
TN:
SF:src/components/CharacterList/index.ts
FNF:0
FNH:0
DA:1,1
LF:1
LH:1
BRF:0
BRH:0
end_of_record
TN:
SF:src/components/ComicCard/ComicCard.tsx
FNF:0
FNH:0
DA:6,1
DA:7,1
DA:8,1
DA:9,1
DA:10,1
DA:11,1
DA:13,1
DA:14,1
DA:18,1
LF:9
LH:9
BRF:0
BRH:0
end_of_record
TN:
SF:src/components/ComicCard/index.ts
FNF:0
FNH:0
DA:1,1
LF:1
LH:1
BRF:0
BRH:0
end_of_record
TN:
SF:src/components/ComicsList/ComicsList.tsx
FNF:0
FNH:0
DA:2,1
DA:9,1
DA:10,1
DA:11,1
DA:12,1
DA:13,1
DA:14,1
DA:15,1
DA:17,1
DA:18,1
DA:20,1
DA:26,1
LF:12
LH:12
BRDA:17,0,0,1
BRDA:18,1,0,2
BRF:2
BRH:2
end_of_record
TN:
SF:src/components/ComicsList/index.ts
FNF:0
FNH:0
DA:1,1
LF:1
LH:1
BRF:0
BRH:0
end_of_record
TN:
SF:src/components/NavBar/NavBar.tsx
FN:7,NavBar
FNF:1
FNH:1
FNDA:2,NavBar
DA:1,1
DA:2,1
DA:3,1
DA:4,1
DA:5,1
DA:7,1
DA:8,2
DA:10,2
DA:11,2
DA:12,2
DA:13,2
DA:15,2
DA:16,2
DA:17,2
DA:21,2
DA:23,1
LF:16
LH:16
BRDA:7,0,0,2
BRF:1
BRH:1
end_of_record
TN:
SF:src/components/NavBar/index.ts
FNF:0
FNH:0
DA:1,1
LF:1
LH:1
BRF:0
BRH:0
end_of_record
TN:
SF:src/components/SearchBar/SearchBar.tsx
FN:6,SearchBar
FN:34,onChange
FNF:2
FNH:1
FNDA:8,SearchBar
FNDA:0,onChange
DA:1,1
DA:2,1
DA:3,1
DA:4,1
DA:6,1
DA:7,8
DA:8,8
DA:10,8
DA:11,0
DA:12,0
DA:13,0
DA:14,0
DA:15,8
DA:17,8
DA:18,6
DA:19,0
DA:20,0
DA:21,6
DA:23,6
DA:24,8
DA:26,8
DA:27,8
DA:28,8
DA:29,8
DA:30,8
DA:31,8
DA:32,8
DA:33,8
DA:34,8
DA:38,8
LF:30
LH:24
BRDA:6,0,0,8
BRDA:17,1,0,6
BRDA:23,2,0,6
BRF:3
BRH:3
end_of_record
TN:
SF:src/components/SearchBar/index.ts
FNF:0
FNH:0
DA:1,1
LF:1
LH:1
BRF:0
BRH:0
end_of_record
TN:
SF:src/context/CharacterContext.tsx
FNF:0
FNH:0
DA:1,1
DA:20,1
LF:2
LH:2
BRF:0
BRH:0
end_of_record
TN:
SF:src/context/CharacterProvider.tsx
FN:1,(empty-report)
FNF:1
FNH:0
FNDA:0,(empty-report)
DA:1,0
DA:3,0
DA:11,0
DA:12,0
DA:13,0
DA:14,0
DA:16,0
DA:17,0
DA:19,0
DA:20,0
DA:21,0
DA:23,0
DA:24,0
DA:25,0
DA:26,0
DA:27,0
DA:29,0
DA:30,0
DA:32,0
DA:33,0
DA:34,0
DA:35,0
DA:36,0
DA:37,0
DA:38,0
DA:39,0
DA:40,0
DA:41,0
DA:42,0
DA:43,0
DA:45,0
DA:48,0
LF:32
LH:0
BRDA:1,0,0,0
BRF:1
BRH:0
end_of_record
TN:
SF:src/context/useCharacterContext.ts
FN:4,useCharacterContext
FNF:1
FNH:1
FNDA:2,useCharacterContext
DA:1,1
DA:2,1
DA:4,1
DA:5,2
DA:6,2
DA:7,2
LF:6
LH:6
BRDA:4,0,0,2
BRF:1
BRH:1
end_of_record
TN:
SF:src/pages/CharacterDetailsPage/CharacterDetails.tsx
FN:15,CharacterDetails
FNF:1
FNH:1
FNDA:5,CharacterDetails
DA:1,1
DA:2,1
DA:3,1
DA:4,1
DA:5,1
DA:15,1
DA:16,5
DA:17,5
DA:18,5
DA:19,5
DA:20,5
DA:22,5
DA:23,3
DA:24,3
DA:25,3
DA:26,3
DA:27,3
DA:29,1
DA:30,1
DA:31,0
DA:32,0
DA:33,0
DA:35,1
DA:36,3
DA:37,2
DA:38,3
DA:39,3
DA:40,3
DA:41,5
DA:43,5
DA:44,3
DA:45,5
DA:47,5
DA:48,5
DA:49,5
DA:50,5
DA:54,5
DA:56,1
DA:57,1
DA:58,1
DA:59,1
DA:62,1
DA:64,1
LF:43
LH:40
BRDA:15,0,0,5
BRDA:54,1,0,1
BRDA:22,2,0,3
BRDA:23,3,0,0
BRDA:27,4,0,1
BRDA:36,5,0,2
BRDA:43,6,0,3
BRF:7
BRH:6
end_of_record
TN:
SF:src/pages/CharacterDetailsPage/index.ts
FN:1,(empty-report)
FNF:1
FNH:0
FNDA:0,(empty-report)
DA:1,0
LF:1
LH:0
BRDA:1,0,0,0
BRF:1
BRH:0
end_of_record
TN:
SF:src/pages/FavoritesPage/Favorites.tsx
FN:12,Favorites
FNF:1
FNH:1
FNDA:5,Favorites
DA:1,1
DA:2,1
DA:3,1
DA:4,1
DA:12,1
DA:13,5
DA:14,5
DA:16,5
DA:17,5
DA:18,4
DA:19,4
DA:21,5
DA:23,5
DA:24,3
DA:25,3
DA:26,2
DA:27,2
DA:28,5
DA:30,5
DA:31,5
DA:32,5
DA:33,5
DA:34,5
DA:35,3
DA:37,5
DA:41,5
DA:43,1
LF:27
LH:27
BRDA:12,0,0,5
BRDA:34,1,0,3
BRDA:16,2,0,5
BRDA:17,3,0,1
BRDA:17,4,0,4
BRDA:18,5,0,4
BRDA:23,6,0,3
BRDA:25,7,0,2
BRF:8
BRH:8
end_of_record
TN:
SF:src/pages/FavoritesPage/index.ts
FN:1,(empty-report)
FNF:1
FNH:0
FNDA:0,(empty-report)
DA:1,0
LF:1
LH:0
BRDA:1,0,0,0
BRF:1
BRH:0
end_of_record
TN:
SF:src/pages/HomePage/Home.tsx
FN:7,Home
FNF:1
FNH:1
FNDA:2,Home
DA:1,1
DA:2,1
DA:3,1
DA:4,1
DA:5,1
DA:7,1
DA:8,2
DA:10,2
DA:11,2
DA:12,2
DA:13,2
DA:14,2
DA:15,2
DA:17,2
DA:18,2
DA:19,2
DA:21,2
DA:22,2
DA:23,2
DA:24,2
DA:27,2
LF:21
LH:21
BRDA:7,0,0,2
BRDA:10,1,0,2
BRDA:17,2,0,2
BRF:3
BRH:3
end_of_record
TN:
SF:src/pages/HomePage/index.ts
FN:1,(empty-report)
FNF:1
FNH:0
FNDA:0,(empty-report)
DA:1,0
LF:1
LH:0
BRDA:1,0,0,0
BRF:1
BRH:0
end_of_record
TN:
SF:src/services/marvelApi.ts
FN:8,getCachedData
FN:21,savedCachedData
FN:26,fetchCharacters
FN:62,fetchCharacterDetails
FN:75,fetchCharacterImage
FN:89,fetchComicDetails
FNF:6
FNH:3
FNDA:6,getCachedData
FNDA:3,savedCachedData
FNDA:3,fetchCharacters
FNDA:0,fetchCharacterDetails
FNDA:0,fetchCharacterImage
FNDA:0,fetchComicDetails
DA:1,1
DA:2,1
DA:4,1
DA:5,1
DA:6,1
DA:8,1
DA:9,6
DA:10,6
DA:12,6
DA:13,4
DA:14,4
DA:15,3
DA:16,3
DA:17,4
DA:18,3
DA:19,3
DA:21,1
DA:22,3
DA:23,3
DA:24,3
DA:26,1
DA:27,3
DA:28,3
DA:30,3
DA:31,1
DA:32,1
DA:34,2
DA:35,2
DA:36,2
DA:38,2
DA:39,2
DA:40,2
DA:41,2
DA:43,3
DA:44,0
DA:45,0
DA:47,2
DA:49,1
DA:51,1
DA:53,1
DA:55,1
DA:56,1
DA:57,1
DA:58,1
DA:59,1
DA:60,3
DA:62,1
DA:63,0
DA:64,0
DA:65,0
DA:67,0
DA:68,0
DA:69,0
DA:70,0
DA:71,0
DA:72,0
DA:73,0
DA:75,1
DA:76,0
DA:77,0
DA:79,0
DA:80,0
DA:81,0
DA:82,0
DA:83,0
DA:84,0
DA:85,0
DA:86,0
DA:87,0
DA:89,1
DA:90,0
DA:91,0
DA:92,0
DA:93,0
DA:94,0
DA:95,0
DA:96,0
DA:97,0
DA:98,0
DA:99,0
DA:100,0
DA:101,0
LF:82
LH:47
BRDA:8,0,0,6
BRDA:12,1,0,4
BRDA:12,2,0,4
BRDA:14,3,0,3
BRDA:17,4,0,3
BRDA:21,5,0,3
BRDA:26,6,0,3
BRDA:27,7,0,0
BRDA:30,8,0,1
BRDA:32,9,0,2
BRDA:43,10,0,0
BRDA:45,11,0,2
BRDA:47,12,0,1
BRF:13
BRH:11
end_of_record
